This file contains any messages produced by compilers while
running configure, to aid debugging if configure makes a mistake.

It was created by supersonic configure supersonic.major.9.3, which was
generated by GNU Autoconf 2.68.  Invocation command line was

  $ ./configure --prefix=/home/bingo/supersonic/supersonic-v0.1/bin

## --------- ##
## Platform. ##
## --------- ##

hostname = olap
uname -m = x86_64
uname -r = 3.5.0-26-generic
uname -s = Linux
uname -v = #40~precise1-Ubuntu SMP Thu Feb 28 13:48:15 UTC 2013

/usr/bin/uname -p = unknown
/bin/uname -X     = unknown

/bin/arch              = unknown
/usr/bin/arch -k       = unknown
/usr/convex/getsysinfo = unknown
/usr/bin/hostinfo      = unknown
/bin/machine           = unknown
/usr/bin/oslevel       = unknown
/bin/universe          = unknown

PATH: /usr/local/sbin
PATH: /usr/local/bin
PATH: /usr/sbin
PATH: /usr/bin
PATH: /sbin
PATH: /bin
PATH: /usr/games


## ----------- ##
## Core tests. ##
## ----------- ##

configure:2594: checking for a BSD-compatible install
configure:2662: result: /usr/bin/install -c
configure:2673: checking whether build environment is sane
configure:2723: result: yes
configure:2864: checking for a thread-safe mkdir -p
configure:2903: result: /bin/mkdir -p
configure:2916: checking for gawk
configure:2946: result: no
configure:2916: checking for mawk
configure:2932: found /usr/bin/mawk
configure:2943: result: mawk
configure:2954: checking whether make sets $(MAKE)
configure:2976: result: yes
configure:3071: checking for style of include used by make
configure:3099: result: GNU
configure:3170: checking for gcc
configure:3186: found /usr/bin/gcc
configure:3197: result: gcc
configure:3426: checking for C compiler version
configure:3435: gcc --version >&5
gcc (Ubuntu/Linaro 4.6.3-1ubuntu5) 4.6.3
Copyright (C) 2011 Free Software Foundation, Inc.
This is free software; see the source for copying conditions.  There is NO
warranty; not even for MERCHANTABILITY or FITNESS FOR A PARTICULAR PURPOSE.

configure:3446: $? = 0
configure:3435: gcc -v >&5
Using built-in specs.
COLLECT_GCC=gcc
COLLECT_LTO_WRAPPER=/usr/lib/gcc/x86_64-linux-gnu/4.6/lto-wrapper
Target: x86_64-linux-gnu
Configured with: ../src/configure -v --with-pkgversion='Ubuntu/Linaro 4.6.3-1ubuntu5' --with-bugurl=file:///usr/share/doc/gcc-4.6/README.Bugs --enable-languages=c,c++,fortran,objc,obj-c++ --prefix=/usr --program-suffix=-4.6 --enable-shared --enable-linker-build-id --with-system-zlib --libexecdir=/usr/lib --without-included-gettext --enable-threads=posix --with-gxx-include-dir=/usr/include/c++/4.6 --libdir=/usr/lib --enable-nls --with-sysroot=/ --enable-clocale=gnu --enable-libstdcxx-debug --enable-libstdcxx-time=yes --enable-gnu-unique-object --enable-plugin --enable-objc-gc --disable-werror --with-arch-32=i686 --with-tune=generic --enable-checking=release --build=x86_64-linux-gnu --host=x86_64-linux-gnu --target=x86_64-linux-gnu
Thread model: posix
gcc version 4.6.3 (Ubuntu/Linaro 4.6.3-1ubuntu5) 
configure:3446: $? = 0
configure:3435: gcc -V >&5
gcc: error: unrecognized option '-V'
gcc: fatal error: no input files
compilation terminated.
configure:3446: $? = 4
configure:3435: gcc -qversion >&5
gcc: error: unrecognized option '-qversion'
gcc: fatal error: no input files
compilation terminated.
configure:3446: $? = 4
configure:3466: checking whether the C compiler works
configure:3488: gcc    conftest.c  >&5
configure:3492: $? = 0
configure:3540: result: yes
configure:3543: checking for C compiler default output file name
configure:3545: result: a.out
configure:3551: checking for suffix of executables
configure:3558: gcc -o conftest    conftest.c  >&5
configure:3562: $? = 0
configure:3584: result: 
configure:3606: checking whether we are cross compiling
configure:3614: gcc -o conftest    conftest.c  >&5
configure:3618: $? = 0
configure:3625: ./conftest
configure:3629: $? = 0
configure:3644: result: no
configure:3649: checking for suffix of object files
configure:3671: gcc -c   conftest.c >&5
configure:3675: $? = 0
configure:3696: result: o
configure:3700: checking whether we are using the GNU C compiler
configure:3719: gcc -c   conftest.c >&5
configure:3719: $? = 0
configure:3728: result: yes
configure:3737: checking whether gcc accepts -g
configure:3757: gcc -c -g  conftest.c >&5
configure:3757: $? = 0
configure:3798: result: yes
configure:3815: checking for gcc option to accept ISO C89
configure:3879: gcc  -c -g -O2  conftest.c >&5
configure:3879: $? = 0
configure:3892: result: none needed
configure:3914: checking dependency style of gcc
configure:4025: result: gcc3
configure:4090: checking for ar
configure:4106: found /usr/bin/ar
configure:4117: result: ar
configure:4143: checking the archiver (ar) interface
configure:4153: gcc -c -g -O2  conftest.c >&5
configure:4153: $? = 0
configure:4155: ar cru libconftest.a conftest.o >&5
configure:4158: $? = 0
configure:4181: result: ar
configure:4232: checking build system type
configure:4246: result: x86_64-unknown-linux-gnu
configure:4266: checking host system type
configure:4279: result: x86_64-unknown-linux-gnu
configure:4320: checking how to print strings
configure:4347: result: printf
configure:4368: checking for a sed that does not truncate output
configure:4432: result: /bin/sed
configure:4450: checking for grep that handles long lines and -e
configure:4508: result: /bin/grep
configure:4513: checking for egrep
configure:4575: result: /bin/grep -E
configure:4580: checking for fgrep
configure:4642: result: /bin/grep -F
configure:4677: checking for ld used by gcc
configure:4744: result: /usr/bin/ld
configure:4751: checking if the linker (/usr/bin/ld) is GNU ld
configure:4766: result: yes
configure:4778: checking for BSD- or MS-compatible name lister (nm)
configure:4827: result: /usr/bin/nm -B
configure:4957: checking the name lister (/usr/bin/nm -B) interface
configure:4964: gcc -c -g -O2  conftest.c >&5
configure:4967: /usr/bin/nm -B "conftest.o"
configure:4970: output
0000000000000000 B some_variable
configure:4977: result: BSD nm
configure:4980: checking whether ln -s works
configure:4984: result: yes
configure:4992: checking the maximum length of command line arguments
configure:5122: result: 1572864
configure:5139: checking whether the shell understands some XSI constructs
configure:5149: result: yes
configure:5153: checking whether the shell understands "+="
configure:5159: result: yes
configure:5194: checking how to convert x86_64-unknown-linux-gnu file names to x86_64-unknown-linux-gnu format
configure:5234: result: func_convert_file_noop
configure:5241: checking how to convert x86_64-unknown-linux-gnu file names to toolchain format
configure:5261: result: func_convert_file_noop
configure:5268: checking for /usr/bin/ld option to reload object files
configure:5275: result: -r
configure:5349: checking for objdump
configure:5365: found /usr/bin/objdump
configure:5376: result: objdump
configure:5408: checking how to recognize dependent libraries
configure:5610: result: pass_all
configure:5695: checking for dlltool
configure:5725: result: no
configure:5755: checking how to associate runtime and link libraries
configure:5782: result: printf %s\n
configure:5906: checking for archiver @FILE support
configure:5923: gcc -c -g -O2  conftest.c >&5
configure:5923: $? = 0
configure:5926: ar cru libconftest.a @conftest.lst >&5
configure:5929: $? = 0
configure:5934: ar cru libconftest.a @conftest.lst >&5
ar: conftest.o: No such file or directory
configure:5937: $? = 1
configure:5949: result: @
configure:6007: checking for strip
configure:6023: found /usr/bin/strip
configure:6034: result: strip
configure:6106: checking for ranlib
configure:6122: found /usr/bin/ranlib
configure:6133: result: ranlib
configure:6235: checking command to parse /usr/bin/nm -B output from gcc object
configure:6355: gcc -c -g -O2  conftest.c >&5
configure:6358: $? = 0
configure:6362: /usr/bin/nm -B conftest.o \| sed -n -e 's/^.*[ ]\([ABCDGIRSTW][ABCDGIRSTW]*\)[ ][ ]*\([_A-Za-z][_A-Za-z0-9]*\)$/\1 \2 \2/p' | sed '/ __gnu_lto/d' \> conftest.nm
configure:6365: $? = 0
configure:6431: gcc -o conftest -g -O2   conftest.c conftstm.o >&5
configure:6434: $? = 0
configure:6472: result: ok
configure:6509: checking for sysroot
configure:6539: result: no
configure:6616: gcc -c -g -O2  conftest.c >&5
configure:6619: $? = 0
configure:6795: checking for mt
configure:6811: found /bin/mt
configure:6822: result: mt
configure:6845: checking if mt is a manifest tool
configure:6851: mt '-?'
configure:6859: result: no
configure:7501: checking how to run the C preprocessor
configure:7532: gcc -E  conftest.c
configure:7532: $? = 0
configure:7546: gcc -E  conftest.c
conftest.c:12:28: fatal error: ac_nonexistent.h: No such file or directory
compilation terminated.
configure:7546: $? = 1
configure: failed program was:
| /* confdefs.h */
| #define PACKAGE_NAME "supersonic"
| #define PACKAGE_TARNAME "supersonic"
| #define PACKAGE_VERSION "supersonic.major.9.3"
| #define PACKAGE_STRING "supersonic supersonic.major.9.3"
| #define PACKAGE_BUGREPORT ""
| #define PACKAGE_URL ""
| #define FORCE_FAILURE_CHECK 1
| #define PACKAGE "supersonic"
| #define VERSION "supersonic.major.9.3"
| /* end confdefs.h.  */
| #include <ac_nonexistent.h>
configure:7571: result: gcc -E
configure:7591: gcc -E  conftest.c
configure:7591: $? = 0
configure:7605: gcc -E  conftest.c
conftest.c:12:28: fatal error: ac_nonexistent.h: No such file or directory
compilation terminated.
configure:7605: $? = 1
configure: failed program was:
| /* confdefs.h */
| #define PACKAGE_NAME "supersonic"
| #define PACKAGE_TARNAME "supersonic"
| #define PACKAGE_VERSION "supersonic.major.9.3"
| #define PACKAGE_STRING "supersonic supersonic.major.9.3"
| #define PACKAGE_BUGREPORT ""
| #define PACKAGE_URL ""
| #define FORCE_FAILURE_CHECK 1
| #define PACKAGE "supersonic"
| #define VERSION "supersonic.major.9.3"
| /* end confdefs.h.  */
| #include <ac_nonexistent.h>
configure:7634: checking for ANSI C header files
configure:7654: gcc -c -g -O2  conftest.c >&5
configure:7654: $? = 0
configure:7727: gcc -o conftest -g -O2   conftest.c  >&5
configure:7727: $? = 0
configure:7727: ./conftest
configure:7727: $? = 0
configure:7738: result: yes
configure:7751: checking for sys/types.h
configure:7751: gcc -c -g -O2  conftest.c >&5
configure:7751: $? = 0
configure:7751: result: yes
configure:7751: checking for sys/stat.h
configure:7751: gcc -c -g -O2  conftest.c >&5
configure:7751: $? = 0
configure:7751: result: yes
configure:7751: checking for stdlib.h
configure:7751: gcc -c -g -O2  conftest.c >&5
configure:7751: $? = 0
configure:7751: result: yes
configure:7751: checking for string.h
configure:7751: gcc -c -g -O2  conftest.c >&5
configure:7751: $? = 0
configure:7751: result: yes
configure:7751: checking for memory.h
configure:7751: gcc -c -g -O2  conftest.c >&5
configure:7751: $? = 0
configure:7751: result: yes
configure:7751: checking for strings.h
configure:7751: gcc -c -g -O2  conftest.c >&5
configure:7751: $? = 0
configure:7751: result: yes
configure:7751: checking for inttypes.h
configure:7751: gcc -c -g -O2  conftest.c >&5
configure:7751: $? = 0
configure:7751: result: yes
configure:7751: checking for stdint.h
configure:7751: gcc -c -g -O2  conftest.c >&5
configure:7751: $? = 0
configure:7751: result: yes
configure:7751: checking for unistd.h
configure:7751: gcc -c -g -O2  conftest.c >&5
configure:7751: $? = 0
configure:7751: result: yes
configure:7765: checking for dlfcn.h
configure:7765: gcc -c -g -O2  conftest.c >&5
configure:7765: $? = 0
configure:7765: result: yes
configure:7971: checking for objdir
configure:7986: result: .libs
configure:8253: checking if gcc supports -fno-rtti -fno-exceptions
configure:8271: gcc -c -g -O2  -fno-rtti -fno-exceptions conftest.c >&5
cc1: warning: command line option '-fno-rtti' is valid for C++/ObjC++ but not for C [enabled by default]
configure:8275: $? = 0
configure:8288: result: no
configure:8615: checking for gcc option to produce PIC
configure:8622: result: -fPIC -DPIC
configure:8630: checking if gcc PIC flag -fPIC -DPIC works
configure:8648: gcc -c -g -O2  -fPIC -DPIC -DPIC conftest.c >&5
configure:8652: $? = 0
configure:8665: result: yes
configure:8694: checking if gcc static flag -static works
configure:8722: result: yes
configure:8737: checking if gcc supports -c -o file.o
configure:8758: gcc -c -g -O2  -o out/conftest2.o conftest.c >&5
configure:8762: $? = 0
configure:8784: result: yes
configure:8792: checking if gcc supports -c -o file.o
configure:8839: result: yes
configure:8872: checking whether the gcc linker (/usr/bin/ld -m elf_x86_64) supports shared libraries
configure:10029: result: yes
configure:10066: checking whether -lc should be explicitly linked in
configure:10074: gcc -c -g -O2  conftest.c >&5
configure:10077: $? = 0
configure:10092: gcc -shared  -fPIC -DPIC conftest.o  -v -Wl,-soname -Wl,conftest -o conftest 2\>\&1 \| /bin/grep  -lc  \>/dev/null 2\>\&1
configure:10095: $? = 0
configure:10109: result: no
configure:10269: checking dynamic linker characteristics
configure:10780: gcc -o conftest -g -O2   -Wl,-rpath -Wl,/foo conftest.c  >&5
configure:10780: $? = 0
configure:11014: result: GNU/Linux ld.so
configure:11121: checking how to hardcode library paths into programs
configure:11146: result: immediate
configure:11686: checking whether stripping libraries is possible
configure:11691: result: yes
configure:11726: checking if libtool supports shared libraries
configure:11728: result: yes
configure:11731: checking whether to build shared libraries
configure:11752: result: yes
configure:11755: checking whether to build static libraries
configure:11759: result: yes
configure:11798: checking whether C compiler accepts -funsigned-char
configure:11817: gcc -c -g -O2  -funsigned-char  conftest.c >&5
configure:11817: $? = 0
configure:11825: result: yes
configure:11833: checking whether C compiler accepts -O3
configure:11852: gcc -c -g -O2  -O3  conftest.c >&5
configure:11852: $? = 0
configure:11860: result: yes
configure:11868: checking whether C compiler accepts -mmmx
configure:11887: gcc -c -g -O2  -mmmx  conftest.c >&5
configure:11887: $? = 0
configure:11895: result: yes
configure:11903: checking whether C compiler accepts -msse
configure:11922: gcc -c -g -O2  -msse  conftest.c >&5
configure:11922: $? = 0
configure:11930: result: yes
configure:11938: checking whether C compiler accepts -msse2
configure:11957: gcc -c -g -O2  -msse2  conftest.c >&5
configure:11957: $? = 0
configure:11965: result: yes
configure:12039: checking for g++
configure:12055: found /usr/bin/g++
configure:12066: result: g++
configure:12093: checking for C++ compiler version
configure:12102: g++ --version >&5
g++ (Ubuntu/Linaro 4.6.3-1ubuntu5) 4.6.3
Copyright (C) 2011 Free Software Foundation, Inc.
This is free software; see the source for copying conditions.  There is NO
warranty; not even for MERCHANTABILITY or FITNESS FOR A PARTICULAR PURPOSE.

configure:12113: $? = 0
configure:12102: g++ -v >&5
Using built-in specs.
COLLECT_GCC=g++
COLLECT_LTO_WRAPPER=/usr/lib/gcc/x86_64-linux-gnu/4.6/lto-wrapper
Target: x86_64-linux-gnu
Configured with: ../src/configure -v --with-pkgversion='Ubuntu/Linaro 4.6.3-1ubuntu5' --with-bugurl=file:///usr/share/doc/gcc-4.6/README.Bugs --enable-languages=c,c++,fortran,objc,obj-c++ --prefix=/usr --program-suffix=-4.6 --enable-shared --enable-linker-build-id --with-system-zlib --libexecdir=/usr/lib --without-included-gettext --enable-threads=posix --with-gxx-include-dir=/usr/include/c++/4.6 --libdir=/usr/lib --enable-nls --with-sysroot=/ --enable-clocale=gnu --enable-libstdcxx-debug --enable-libstdcxx-time=yes --enable-gnu-unique-object --enable-plugin --enable-objc-gc --disable-werror --with-arch-32=i686 --with-tune=generic --enable-checking=release --build=x86_64-linux-gnu --host=x86_64-linux-gnu --target=x86_64-linux-gnu
Thread model: posix
gcc version 4.6.3 (Ubuntu/Linaro 4.6.3-1ubuntu5) 
configure:12113: $? = 0
configure:12102: g++ -V >&5
g++: error: unrecognized option '-V'
g++: fatal error: no input files
compilation terminated.
configure:12113: $? = 4
configure:12102: g++ -qversion >&5
g++: error: unrecognized option '-qversion'
g++: fatal error: no input files
compilation terminated.
configure:12113: $? = 4
configure:12117: checking whether we are using the GNU C++ compiler
configure:12136: g++ -c  -funsigned-char -O3 -mmmx -msse -msse2  conftest.cpp >&5
configure:12136: $? = 0
configure:12145: result: yes
configure:12154: checking whether g++ accepts -g
configure:12174: g++ -c -g  conftest.cpp >&5
configure:12174: $? = 0
configure:12215: result: yes
configure:12240: checking dependency style of g++
configure:12351: result: gcc3
configure:12384: checking how to run the C++ preprocessor
configure:12411: g++ -E  conftest.cpp
configure:12411: $? = 0
configure:12425: g++ -E  conftest.cpp
conftest.cpp:24:28: fatal error: ac_nonexistent.h: No such file or directory
compilation terminated.
configure:12425: $? = 1
configure: failed program was:
| /* confdefs.h */
| #define PACKAGE_NAME "supersonic"
| #define PACKAGE_TARNAME "supersonic"
| #define PACKAGE_VERSION "supersonic.major.9.3"
| #define PACKAGE_STRING "supersonic supersonic.major.9.3"
| #define PACKAGE_BUGREPORT ""
| #define PACKAGE_URL ""
| #define FORCE_FAILURE_CHECK 1
| #define PACKAGE "supersonic"
| #define VERSION "supersonic.major.9.3"
| #define STDC_HEADERS 1
| #define HAVE_SYS_TYPES_H 1
| #define HAVE_SYS_STAT_H 1
| #define HAVE_STDLIB_H 1
| #define HAVE_STRING_H 1
| #define HAVE_MEMORY_H 1
| #define HAVE_STRINGS_H 1
| #define HAVE_INTTYPES_H 1
| #define HAVE_STDINT_H 1
| #define HAVE_UNISTD_H 1
| #define HAVE_DLFCN_H 1
| #define LT_OBJDIR ".libs/"
| /* end confdefs.h.  */
| #include <ac_nonexistent.h>
configure:12450: result: g++ -E
configure:12470: g++ -E  conftest.cpp
configure:12470: $? = 0
configure:12484: g++ -E  conftest.cpp
conftest.cpp:24:28: fatal error: ac_nonexistent.h: No such file or directory
compilation terminated.
configure:12484: $? = 1
configure: failed program was:
| /* confdefs.h */
| #define PACKAGE_NAME "supersonic"
| #define PACKAGE_TARNAME "supersonic"
| #define PACKAGE_VERSION "supersonic.major.9.3"
| #define PACKAGE_STRING "supersonic supersonic.major.9.3"
| #define PACKAGE_BUGREPORT ""
| #define PACKAGE_URL ""
| #define FORCE_FAILURE_CHECK 1
| #define PACKAGE "supersonic"
| #define VERSION "supersonic.major.9.3"
| #define STDC_HEADERS 1
| #define HAVE_SYS_TYPES_H 1
| #define HAVE_SYS_STAT_H 1
| #define HAVE_STDLIB_H 1
| #define HAVE_STRING_H 1
| #define HAVE_MEMORY_H 1
| #define HAVE_STRINGS_H 1
| #define HAVE_INTTYPES_H 1
| #define HAVE_STDINT_H 1
| #define HAVE_UNISTD_H 1
| #define HAVE_DLFCN_H 1
| #define LT_OBJDIR ".libs/"
| /* end confdefs.h.  */
| #include <ac_nonexistent.h>
configure:12653: checking for ld used by g++
configure:12720: result: /usr/bin/ld -m elf_x86_64
configure:12727: checking if the linker (/usr/bin/ld -m elf_x86_64) is GNU ld
configure:12742: result: yes
configure:12797: checking whether the g++ linker (/usr/bin/ld -m elf_x86_64) supports shared libraries
configure:13802: result: yes
configure:13838: g++ -c  -funsigned-char -O3 -mmmx -msse -msse2  conftest.cpp >&5
configure:13841: $? = 0
configure:14361: checking for g++ option to produce PIC
configure:14368: result: -fPIC -DPIC
configure:14376: checking if g++ PIC flag -fPIC -DPIC works
configure:14394: g++ -c  -funsigned-char -O3 -mmmx -msse -msse2  -fPIC -DPIC -DPIC conftest.cpp >&5
configure:14398: $? = 0
configure:14411: result: yes
configure:14434: checking if g++ static flag -static works
configure:14462: result: yes
configure:14474: checking if g++ supports -c -o file.o
configure:14495: g++ -c  -funsigned-char -O3 -mmmx -msse -msse2  -o out/conftest2.o conftest.cpp >&5
configure:14499: $? = 0
configure:14521: result: yes
configure:14526: checking if g++ supports -c -o file.o
configure:14573: result: yes
configure:14603: checking whether the g++ linker (/usr/bin/ld -m elf_x86_64) supports shared libraries
configure:14642: result: yes
configure:14783: checking dynamic linker characteristics
configure:15462: result: GNU/Linux ld.so
configure:15515: checking how to hardcode library paths into programs
configure:15540: result: immediate
configure:15628: checking for gcc
configure:15655: result: gcc
configure:15884: checking for C compiler version
configure:15893: gcc --version >&5
gcc (Ubuntu/Linaro 4.6.3-1ubuntu5) 4.6.3
Copyright (C) 2011 Free Software Foundation, Inc.
This is free software; see the source for copying conditions.  There is NO
warranty; not even for MERCHANTABILITY or FITNESS FOR A PARTICULAR PURPOSE.

configure:15904: $? = 0
configure:15893: gcc -v >&5
Using built-in specs.
COLLECT_GCC=gcc
COLLECT_LTO_WRAPPER=/usr/lib/gcc/x86_64-linux-gnu/4.6/lto-wrapper
Target: x86_64-linux-gnu
Configured with: ../src/configure -v --with-pkgversion='Ubuntu/Linaro 4.6.3-1ubuntu5' --with-bugurl=file:///usr/share/doc/gcc-4.6/README.Bugs --enable-languages=c,c++,fortran,objc,obj-c++ --prefix=/usr --program-suffix=-4.6 --enable-shared --enable-linker-build-id --with-system-zlib --libexecdir=/usr/lib --without-included-gettext --enable-threads=posix --with-gxx-include-dir=/usr/include/c++/4.6 --libdir=/usr/lib --enable-nls --with-sysroot=/ --enable-clocale=gnu --enable-libstdcxx-debug --enable-libstdcxx-time=yes --enable-gnu-unique-object --enable-plugin --enable-objc-gc --disable-werror --with-arch-32=i686 --with-tune=generic --enable-checking=release --build=x86_64-linux-gnu --host=x86_64-linux-gnu --target=x86_64-linux-gnu
Thread model: posix
gcc version 4.6.3 (Ubuntu/Linaro 4.6.3-1ubuntu5) 
configure:15904: $? = 0
configure:15893: gcc -V >&5
gcc: error: unrecognized option '-V'
gcc: fatal error: no input files
compilation terminated.
configure:15904: $? = 4
configure:15893: gcc -qversion >&5
gcc: error: unrecognized option '-qversion'
gcc: fatal error: no input files
compilation terminated.
configure:15904: $? = 4
configure:15908: checking whether we are using the GNU C compiler
configure:15936: result: yes
configure:15945: checking whether gcc accepts -g
configure:16006: result: yes
configure:16023: checking for gcc option to accept ISO C89
configure:16100: result: none needed
configure:16122: checking dependency style of gcc
configure:16233: result: gcc3
configure:16249: checking whether gcc and cc understand -c and -o together
configure:16280: gcc -c conftest.cpp -o conftest2.o >&5
configure:16284: $? = 0
configure:16290: gcc -c conftest.cpp -o conftest2.o >&5
configure:16294: $? = 0
configure:16305: cc -c conftest.cpp >&5
configure:16309: $? = 0
configure:16317: cc -c conftest.cpp -o conftest2.o >&5
configure:16321: $? = 0
configure:16327: cc -c conftest.cpp -o conftest2.o >&5
configure:16331: $? = 0
configure:16349: result: yes
configure:16379: checking how to run the C preprocessor
configure:16449: result: gcc -E
configure:16469: gcc -E  conftest.c
configure:16469: $? = 0
configure:16483: gcc -E  conftest.c
conftest.c:24:28: fatal error: ac_nonexistent.h: No such file or directory
compilation terminated.
configure:16483: $? = 1
configure: failed program was:
| /* confdefs.h */
| #define PACKAGE_NAME "supersonic"
| #define PACKAGE_TARNAME "supersonic"
| #define PACKAGE_VERSION "supersonic.major.9.3"
| #define PACKAGE_STRING "supersonic supersonic.major.9.3"
| #define PACKAGE_BUGREPORT ""
| #define PACKAGE_URL ""
| #define FORCE_FAILURE_CHECK 1
| #define PACKAGE "supersonic"
| #define VERSION "supersonic.major.9.3"
| #define STDC_HEADERS 1
| #define HAVE_SYS_TYPES_H 1
| #define HAVE_SYS_STAT_H 1
| #define HAVE_STDLIB_H 1
| #define HAVE_STRING_H 1
| #define HAVE_MEMORY_H 1
| #define HAVE_STRINGS_H 1
| #define HAVE_INTTYPES_H 1
| #define HAVE_STDINT_H 1
| #define HAVE_UNISTD_H 1
| #define HAVE_DLFCN_H 1
| #define LT_OBJDIR ".libs/"
| /* end confdefs.h.  */
| #include <ac_nonexistent.h>
configure:16575: checking for pkg-config
configure:16593: found /usr/bin/pkg-config
configure:16605: result: /usr/bin/pkg-config
configure:16630: checking pkg-config is at least version 0.9.0
configure:16633: result: yes
configure:16643: checking for GLOG
configure:16650: $PKG_CONFIG --exists --print-errors "libglog"
configure:16653: $? = 0
configure:16667: $PKG_CONFIG --exists --print-errors "libglog"
configure:16670: $? = 0
configure:16728: result: yes
configure:16734: checking for GFLAGS
configure:16741: $PKG_CONFIG --exists --print-errors "libgflags"
configure:16744: $? = 0
configure:16758: $PKG_CONFIG --exists --print-errors "libgflags"
configure:16761: $? = 0
configure:16819: result: yes
configure:16825: checking for PROTO
configure:16832: $PKG_CONFIG --exists --print-errors "protobuf"
configure:16835: $? = 0
configure:16849: $PKG_CONFIG --exists --print-errors "protobuf"
configure:16852: $? = 0
configure:16910: result: yes
configure:16964: checking for boostlib >= 1.20.0
configure:17033: g++ -c  -funsigned-char -O3 -mmmx -msse -msse2  -I/usr/local/include conftest.cpp >&5
configure:17033: $? = 0
configure:17035: result: yes
configure:17213: checking whether the Boost::System library is available
configure:17237: g++ -c  -funsigned-char -O3 -mmmx -msse -msse2  -I/usr/local/include conftest.cpp >&5
configure:17237: $? = 0
configure:17252: result: yes
configure:17267: checking for exit in -lboost_system
configure:17292: g++ -o conftest  -funsigned-char -O3 -mmmx -msse -msse2  -I/usr/local/include  -L/usr/local/lib conftest.cpp -lboost_system   >&5
configure:17292: $? = 0
configure:17302: result: yes
configure:17454: checking whether the Boost::Timer library is available
configure:17478: g++ -c  -funsigned-char -O3 -mmmx -msse -msse2  -I/usr/local/include conftest.cpp >&5
configure:17478: $? = 0
configure:17493: result: yes
configure:17508: checking for exit in -lboost_timer
configure:17533: g++ -o conftest  -funsigned-char -O3 -mmmx -msse -msse2  -I/usr/local/include  -L/usr/local/lib conftest.cpp -lboost_timer   >&5
configure:17533: $? = 0
configure:17543: result: yes
configure:17670: checking limits.h usability
configure:17670: g++ -c  -funsigned-char -O3 -mmmx -msse -msse2  conftest.cpp >&5
configure:17670: $? = 0
configure:17670: result: yes
configure:17670: checking limits.h presence
configure:17670: g++ -E  conftest.cpp
configure:17670: $? = 0
configure:17670: result: yes
configure:17670: checking for limits.h
configure:17670: result: yes
configure:17670: checking stddef.h usability
configure:17670: g++ -c  -funsigned-char -O3 -mmmx -msse -msse2  conftest.cpp >&5
configure:17670: $? = 0
configure:17670: result: yes
configure:17670: checking stddef.h presence
configure:17670: g++ -E  conftest.cpp
configure:17670: $? = 0
configure:17670: result: yes
configure:17670: checking for stddef.h
configure:17670: result: yes
configure:17670: checking for stdint.h
configure:17670: result: yes
configure:17670: checking for stdlib.h
configure:17670: result: yes
configure:17670: checking for string.h
configure:17670: result: yes
configure:17670: checking string usability
configure:17670: g++ -c  -funsigned-char -O3 -mmmx -msse -msse2  conftest.cpp >&5
configure:17670: $? = 0
configure:17670: result: yes
configure:17670: checking string presence
configure:17670: g++ -E  conftest.cpp
configure:17670: $? = 0
configure:17670: result: yes
configure:17670: checking for string
configure:17670: result: yes
configure:17670: checking for sys/stat.h
configure:17670: result: yes
configure:17670: checking sys/time.h usability
configure:17670: g++ -c  -funsigned-char -O3 -mmmx -msse -msse2  conftest.cpp >&5
configure:17670: $? = 0
configure:17670: result: yes
configure:17670: checking sys/time.h presence
configure:17670: g++ -E  conftest.cpp
configure:17670: $? = 0
configure:17670: result: yes
configure:17670: checking for sys/time.h
configure:17670: result: yes
configure:17682: checking glog/logging.h usability
configure:17682: g++ -c  -funsigned-char -O3 -mmmx -msse -msse2  conftest.cpp >&5
configure:17682: $? = 0
configure:17682: result: yes
configure:17682: checking glog/logging.h presence
configure:17682: g++ -E  conftest.cpp
configure:17682: $? = 0
configure:17682: result: yes
configure:17682: checking for glog/logging.h
configure:17682: result: yes
configure:17696: checking google/protobuf/text_format.h usability
configure:17696: g++ -c  -funsigned-char -O3 -mmmx -msse -msse2  conftest.cpp >&5
configure:17696: $? = 0
configure:17696: result: yes
configure:17696: checking google/protobuf/text_format.h presence
configure:17696: g++ -E  conftest.cpp
configure:17696: $? = 0
configure:17696: result: yes
configure:17696: checking for google/protobuf/text_format.h
configure:17696: result: yes
configure:17710: checking gflags/gflags.h usability
configure:17710: g++ -c  -funsigned-char -O3 -mmmx -msse -msse2  conftest.cpp >&5
configure:17710: $? = 0
configure:17710: result: yes
configure:17710: checking gflags/gflags.h presence
configure:17710: g++ -E  conftest.cpp
configure:17710: $? = 0
configure:17710: result: yes
configure:17710: checking for gflags/gflags.h
configure:17710: result: yes
configure:17724: checking re2/re2.h usability
configure:17724: g++ -c  -funsigned-char -O3 -mmmx -msse -msse2  conftest.cpp >&5
configure:17724: $? = 0
configure:17724: result: yes
configure:17724: checking re2/re2.h presence
configure:17724: g++ -E  conftest.cpp
configure:17724: $? = 0
configure:17724: result: yes
configure:17724: checking for re2/re2.h
configure:17724: result: yes
configure:17903: checking for the pthreads library -lpthreads
configure:17936: gcc -o conftest -g -O2    conftest.c -lpthreads  >&5
/usr/bin/ld: cannot find -lpthreads
collect2: ld returned 1 exit status
configure:17936: $? = 1
configure: failed program was:
| /* confdefs.h */
| #define PACKAGE_NAME "supersonic"
| #define PACKAGE_TARNAME "supersonic"
| #define PACKAGE_VERSION "supersonic.major.9.3"
| #define PACKAGE_STRING "supersonic supersonic.major.9.3"
| #define PACKAGE_BUGREPORT ""
| #define PACKAGE_URL ""
| #define FORCE_FAILURE_CHECK 1
| #define PACKAGE "supersonic"
| #define VERSION "supersonic.major.9.3"
| #define STDC_HEADERS 1
| #define HAVE_SYS_TYPES_H 1
| #define HAVE_SYS_STAT_H 1
| #define HAVE_STDLIB_H 1
| #define HAVE_STRING_H 1
| #define HAVE_MEMORY_H 1
| #define HAVE_STRINGS_H 1
| #define HAVE_INTTYPES_H 1
| #define HAVE_STDINT_H 1
| #define HAVE_UNISTD_H 1
| #define HAVE_DLFCN_H 1
| #define LT_OBJDIR ".libs/"
| #define HAVE_BOOST /**/
| #define HAVE_BOOST_SYSTEM /**/
| #define HAVE_BOOST_TIMER /**/
| #define HAVE_LIMITS_H 1
| #define HAVE_STDDEF_H 1
| #define HAVE_STDINT_H 1
| #define HAVE_STDLIB_H 1
| #define HAVE_STRING_H 1
| #define HAVE_STRING 1
| #define HAVE_SYS_STAT_H 1
| #define HAVE_SYS_TIME_H 1
| #define HAVE_GLOG_LOGGING_H 1
| #define HAVE_GOOGLE_PROTOBUF_TEXT_FORMAT_H 1
| #define HAVE_GFLAGS_GFLAGS_H 1
| #define HAVE_RE2_RE2_H 1
| /* end confdefs.h.  */
| #include <pthread.h>
| int
| main ()
| {
| pthread_t th; pthread_join(th, 0);
|                      pthread_attr_init(0); pthread_cleanup_push(0, 0);
|                      pthread_create(0,0,0,0); pthread_cleanup_pop(0);
|   ;
|   return 0;
| }
configure:17945: result: no
configure:17848: checking whether pthreads work without any flags
configure:17936: gcc -o conftest -g -O2    conftest.c   >&5
/tmp/cc6ICBwB.o: In function `main':
/home/bingo/supersonic/supersonic-v0.1/supersonic/conftest.c:43: undefined reference to `pthread_join'
/home/bingo/supersonic/supersonic-v0.1/supersonic/conftest.c:44: undefined reference to `__pthread_register_cancel'
/home/bingo/supersonic/supersonic-v0.1/supersonic/conftest.c:45: undefined reference to `pthread_create'
/home/bingo/supersonic/supersonic-v0.1/supersonic/conftest.c:45: undefined reference to `__pthread_unregister_cancel'
collect2: ld returned 1 exit status
configure:17936: $? = 1
configure: failed program was:
| /* confdefs.h */
| #define PACKAGE_NAME "supersonic"
| #define PACKAGE_TARNAME "supersonic"
| #define PACKAGE_VERSION "supersonic.major.9.3"
| #define PACKAGE_STRING "supersonic supersonic.major.9.3"
| #define PACKAGE_BUGREPORT ""
| #define PACKAGE_URL ""
| #define FORCE_FAILURE_CHECK 1
| #define PACKAGE "supersonic"
| #define VERSION "supersonic.major.9.3"
| #define STDC_HEADERS 1
| #define HAVE_SYS_TYPES_H 1
| #define HAVE_SYS_STAT_H 1
| #define HAVE_STDLIB_H 1
| #define HAVE_STRING_H 1
| #define HAVE_MEMORY_H 1
| #define HAVE_STRINGS_H 1
| #define HAVE_INTTYPES_H 1
| #define HAVE_STDINT_H 1
| #define HAVE_UNISTD_H 1
| #define HAVE_DLFCN_H 1
| #define LT_OBJDIR ".libs/"
| #define HAVE_BOOST /**/
| #define HAVE_BOOST_SYSTEM /**/
| #define HAVE_BOOST_TIMER /**/
| #define HAVE_LIMITS_H 1
| #define HAVE_STDDEF_H 1
| #define HAVE_STDINT_H 1
| #define HAVE_STDLIB_H 1
| #define HAVE_STRING_H 1
| #define HAVE_STRING 1
| #define HAVE_SYS_STAT_H 1
| #define HAVE_SYS_TIME_H 1
| #define HAVE_GLOG_LOGGING_H 1
| #define HAVE_GOOGLE_PROTOBUF_TEXT_FORMAT_H 1
| #define HAVE_GFLAGS_GFLAGS_H 1
| #define HAVE_RE2_RE2_H 1
| /* end confdefs.h.  */
| #include <pthread.h>
| int
| main ()
| {
| pthread_t th; pthread_join(th, 0);
|                      pthread_attr_init(0); pthread_cleanup_push(0, 0);
|                      pthread_create(0,0,0,0); pthread_cleanup_pop(0);
|   ;
|   return 0;
| }
configure:17945: result: no
configure:17853: checking whether pthreads work with -Kthread
configure:17936: gcc -o conftest -g -O2 -Kthread   conftest.c   >&5
gcc: error: unrecognized option '-Kthread'
configure:17936: $? = 1
configure: failed program was:
| /* confdefs.h */
| #define PACKAGE_NAME "supersonic"
| #define PACKAGE_TARNAME "supersonic"
| #define PACKAGE_VERSION "supersonic.major.9.3"
| #define PACKAGE_STRING "supersonic supersonic.major.9.3"
| #define PACKAGE_BUGREPORT ""
| #define PACKAGE_URL ""
| #define FORCE_FAILURE_CHECK 1
| #define PACKAGE "supersonic"
| #define VERSION "supersonic.major.9.3"
| #define STDC_HEADERS 1
| #define HAVE_SYS_TYPES_H 1
| #define HAVE_SYS_STAT_H 1
| #define HAVE_STDLIB_H 1
| #define HAVE_STRING_H 1
| #define HAVE_MEMORY_H 1
| #define HAVE_STRINGS_H 1
| #define HAVE_INTTYPES_H 1
| #define HAVE_STDINT_H 1
| #define HAVE_UNISTD_H 1
| #define HAVE_DLFCN_H 1
| #define LT_OBJDIR ".libs/"
| #define HAVE_BOOST /**/
| #define HAVE_BOOST_SYSTEM /**/
| #define HAVE_BOOST_TIMER /**/
| #define HAVE_LIMITS_H 1
| #define HAVE_STDDEF_H 1
| #define HAVE_STDINT_H 1
| #define HAVE_STDLIB_H 1
| #define HAVE_STRING_H 1
| #define HAVE_STRING 1
| #define HAVE_SYS_STAT_H 1
| #define HAVE_SYS_TIME_H 1
| #define HAVE_GLOG_LOGGING_H 1
| #define HAVE_GOOGLE_PROTOBUF_TEXT_FORMAT_H 1
| #define HAVE_GFLAGS_GFLAGS_H 1
| #define HAVE_RE2_RE2_H 1
| /* end confdefs.h.  */
| #include <pthread.h>
| int
| main ()
| {
| pthread_t th; pthread_join(th, 0);
|                      pthread_attr_init(0); pthread_cleanup_push(0, 0);
|                      pthread_create(0,0,0,0); pthread_cleanup_pop(0);
|   ;
|   return 0;
| }
configure:17945: result: no
configure:17853: checking whether pthreads work with -kthread
configure:17936: gcc -o conftest -g -O2 -kthread   conftest.c   >&5
gcc: error: unrecognized option '-kthread'
configure:17936: $? = 1
configure: failed program was:
| /* confdefs.h */
| #define PACKAGE_NAME "supersonic"
| #define PACKAGE_TARNAME "supersonic"
| #define PACKAGE_VERSION "supersonic.major.9.3"
| #define PACKAGE_STRING "supersonic supersonic.major.9.3"
| #define PACKAGE_BUGREPORT ""
| #define PACKAGE_URL ""
| #define FORCE_FAILURE_CHECK 1
| #define PACKAGE "supersonic"
| #define VERSION "supersonic.major.9.3"
| #define STDC_HEADERS 1
| #define HAVE_SYS_TYPES_H 1
| #define HAVE_SYS_STAT_H 1
| #define HAVE_STDLIB_H 1
| #define HAVE_STRING_H 1
| #define HAVE_MEMORY_H 1
| #define HAVE_STRINGS_H 1
| #define HAVE_INTTYPES_H 1
| #define HAVE_STDINT_H 1
| #define HAVE_UNISTD_H 1
| #define HAVE_DLFCN_H 1
| #define LT_OBJDIR ".libs/"
| #define HAVE_BOOST /**/
| #define HAVE_BOOST_SYSTEM /**/
| #define HAVE_BOOST_TIMER /**/
| #define HAVE_LIMITS_H 1
| #define HAVE_STDDEF_H 1
| #define HAVE_STDINT_H 1
| #define HAVE_STDLIB_H 1
| #define HAVE_STRING_H 1
| #define HAVE_STRING 1
| #define HAVE_SYS_STAT_H 1
| #define HAVE_SYS_TIME_H 1
| #define HAVE_GLOG_LOGGING_H 1
| #define HAVE_GOOGLE_PROTOBUF_TEXT_FORMAT_H 1
| #define HAVE_GFLAGS_GFLAGS_H 1
| #define HAVE_RE2_RE2_H 1
| /* end confdefs.h.  */
| #include <pthread.h>
| int
| main ()
| {
| pthread_t th; pthread_join(th, 0);
|                      pthread_attr_init(0); pthread_cleanup_push(0, 0);
|                      pthread_create(0,0,0,0); pthread_cleanup_pop(0);
|   ;
|   return 0;
| }
configure:17945: result: no
configure:17903: checking for the pthreads library -llthread
configure:17936: gcc -o conftest -g -O2    conftest.c -llthread  >&5
/usr/bin/ld: cannot find -llthread
collect2: ld returned 1 exit status
configure:17936: $? = 1
configure: failed program was:
| /* confdefs.h */
| #define PACKAGE_NAME "supersonic"
| #define PACKAGE_TARNAME "supersonic"
| #define PACKAGE_VERSION "supersonic.major.9.3"
| #define PACKAGE_STRING "supersonic supersonic.major.9.3"
| #define PACKAGE_BUGREPORT ""
| #define PACKAGE_URL ""
| #define FORCE_FAILURE_CHECK 1
| #define PACKAGE "supersonic"
| #define VERSION "supersonic.major.9.3"
| #define STDC_HEADERS 1
| #define HAVE_SYS_TYPES_H 1
| #define HAVE_SYS_STAT_H 1
| #define HAVE_STDLIB_H 1
| #define HAVE_STRING_H 1
| #define HAVE_MEMORY_H 1
| #define HAVE_STRINGS_H 1
| #define HAVE_INTTYPES_H 1
| #define HAVE_STDINT_H 1
| #define HAVE_UNISTD_H 1
| #define HAVE_DLFCN_H 1
| #define LT_OBJDIR ".libs/"
| #define HAVE_BOOST /**/
| #define HAVE_BOOST_SYSTEM /**/
| #define HAVE_BOOST_TIMER /**/
| #define HAVE_LIMITS_H 1
| #define HAVE_STDDEF_H 1
| #define HAVE_STDINT_H 1
| #define HAVE_STDLIB_H 1
| #define HAVE_STRING_H 1
| #define HAVE_STRING 1
| #define HAVE_SYS_STAT_H 1
| #define HAVE_SYS_TIME_H 1
| #define HAVE_GLOG_LOGGING_H 1
| #define HAVE_GOOGLE_PROTOBUF_TEXT_FORMAT_H 1
| #define HAVE_GFLAGS_GFLAGS_H 1
| #define HAVE_RE2_RE2_H 1
| /* end confdefs.h.  */
| #include <pthread.h>
| int
| main ()
| {
| pthread_t th; pthread_join(th, 0);
|                      pthread_attr_init(0); pthread_cleanup_push(0, 0);
|                      pthread_create(0,0,0,0); pthread_cleanup_pop(0);
|   ;
|   return 0;
| }
configure:17945: result: no
configure:17853: checking whether pthreads work with -pthread
configure:17936: gcc -o conftest -g -O2 -pthread   conftest.c   >&5
configure:17936: $? = 0
configure:17945: result: yes
configure:17964: checking for joinable pthread attribute
configure:17979: gcc -o conftest -g -O2 -pthread   conftest.c   >&5
configure:17979: $? = 0
configure:17985: result: PTHREAD_CREATE_JOINABLE
configure:17995: checking if more special flags are required for pthreads
configure:18002: result: no
configure:18091: checking whether to check for GCC pthread/shared inconsistencies
configure:18104: gcc -o conftest -shared -fPIC -Wl,-z,defs -g -O2 -pthread   conftest.c   >&5
configure:18104: $? = 0
configure:18116: result: yes
configure:18122: checking whether -pthread is sufficient with -shared
configure:18137: gcc -o conftest -shared -fPIC -Wl,-z,defs -g -O2 -pthread   conftest.c   >&5
configure:18137: $? = 0
configure:18144: result: yes
configure:18232: checking whether what we have so far is sufficient with -nostdlib
configure:18250: gcc -o conftest -nostdlib -shared -fPIC -Wl,-z,defs -g -O2 -pthread   conftest.c   -lc >&5
/tmp/cc8SGJle.o: In function `main':
/home/bingo/supersonic/supersonic-v0.1/supersonic/conftest.c:43: undefined reference to `pthread_join'
/home/bingo/supersonic/supersonic-v0.1/supersonic/conftest.c:44: undefined reference to `__pthread_register_cancel'
/home/bingo/supersonic/supersonic-v0.1/supersonic/conftest.c:45: undefined reference to `pthread_create'
/home/bingo/supersonic/supersonic-v0.1/supersonic/conftest.c:45: undefined reference to `__pthread_unregister_cancel'
collect2: ld returned 1 exit status
configure:18250: $? = 1
configure: failed program was:
| /* confdefs.h */
| #define PACKAGE_NAME "supersonic"
| #define PACKAGE_TARNAME "supersonic"
| #define PACKAGE_VERSION "supersonic.major.9.3"
| #define PACKAGE_STRING "supersonic supersonic.major.9.3"
| #define PACKAGE_BUGREPORT ""
| #define PACKAGE_URL ""
| #define FORCE_FAILURE_CHECK 1
| #define PACKAGE "supersonic"
| #define VERSION "supersonic.major.9.3"
| #define STDC_HEADERS 1
| #define HAVE_SYS_TYPES_H 1
| #define HAVE_SYS_STAT_H 1
| #define HAVE_STDLIB_H 1
| #define HAVE_STRING_H 1
| #define HAVE_MEMORY_H 1
| #define HAVE_STRINGS_H 1
| #define HAVE_INTTYPES_H 1
| #define HAVE_STDINT_H 1
| #define HAVE_UNISTD_H 1
| #define HAVE_DLFCN_H 1
| #define LT_OBJDIR ".libs/"
| #define HAVE_BOOST /**/
| #define HAVE_BOOST_SYSTEM /**/
| #define HAVE_BOOST_TIMER /**/
| #define HAVE_LIMITS_H 1
| #define HAVE_STDDEF_H 1
| #define HAVE_STDINT_H 1
| #define HAVE_STDLIB_H 1
| #define HAVE_STRING_H 1
| #define HAVE_STRING 1
| #define HAVE_SYS_STAT_H 1
| #define HAVE_SYS_TIME_H 1
| #define HAVE_GLOG_LOGGING_H 1
| #define HAVE_GOOGLE_PROTOBUF_TEXT_FORMAT_H 1
| #define HAVE_GFLAGS_GFLAGS_H 1
| #define HAVE_RE2_RE2_H 1
| /* end confdefs.h.  */
| #include <pthread.h>
| int
| main ()
| {
| pthread_t th; pthread_join(th, 0);
| 	       pthread_attr_init(0); pthread_cleanup_push(0, 0);
| 	       pthread_create(0,0,0,0); pthread_cleanup_pop(0);
|   ;
|   return 0;
| }
configure:18262: result: no
configure:18267: checking whether -lpthread saves the day
configure:18283: gcc -o conftest -nostdlib -shared -fPIC -Wl,-z,defs -g -O2 -pthread   conftest.c -lpthread   -lc >&5
configure:18283: $? = 0
configure:18292: result: yes
configure:18335: checking support for pthread_rwlock_* functions
configure:18364: gcc -c -g -O2  conftest.c >&5
configure:18364: $? = 0
configure:18378: result: yes
configure:18391: checking whether first argument to InterlockedExchange omits volatile
configure:18414: g++ -c  -funsigned-char -O3 -mmmx -msse -msse2  conftest.cpp >&5
conftest.cpp:41:21: fatal error: windows.h: No such file or directory
compilation terminated.
configure:18414: $? = 1
configure: failed program was:
| /* confdefs.h */
| #define PACKAGE_NAME "supersonic"
| #define PACKAGE_TARNAME "supersonic"
| #define PACKAGE_VERSION "supersonic.major.9.3"
| #define PACKAGE_STRING "supersonic supersonic.major.9.3"
| #define PACKAGE_BUGREPORT ""
| #define PACKAGE_URL ""
| #define FORCE_FAILURE_CHECK 1
| #define PACKAGE "supersonic"
| #define VERSION "supersonic.major.9.3"
| #define STDC_HEADERS 1
| #define HAVE_SYS_TYPES_H 1
| #define HAVE_SYS_STAT_H 1
| #define HAVE_STDLIB_H 1
| #define HAVE_STRING_H 1
| #define HAVE_MEMORY_H 1
| #define HAVE_STRINGS_H 1
| #define HAVE_INTTYPES_H 1
| #define HAVE_STDINT_H 1
| #define HAVE_UNISTD_H 1
| #define HAVE_DLFCN_H 1
| #define LT_OBJDIR ".libs/"
| #define HAVE_BOOST /**/
| #define HAVE_BOOST_SYSTEM /**/
| #define HAVE_BOOST_TIMER /**/
| #define HAVE_LIMITS_H 1
| #define HAVE_STDDEF_H 1
| #define HAVE_STDINT_H 1
| #define HAVE_STDLIB_H 1
| #define HAVE_STRING_H 1
| #define HAVE_STRING 1
| #define HAVE_SYS_STAT_H 1
| #define HAVE_SYS_TIME_H 1
| #define HAVE_GLOG_LOGGING_H 1
| #define HAVE_GOOGLE_PROTOBUF_TEXT_FORMAT_H 1
| #define HAVE_GFLAGS_GFLAGS_H 1
| #define HAVE_RE2_RE2_H 1
| #define HAVE_PTHREAD 1
| #define HAVE_RWLOCK 1
| /* end confdefs.h.  */
| #include <windows.h>
| int
| main ()
| {
| volatile LONG once; InterlockedExchange(&once,  1);
|   ;
|   return 0;
| }
configure:18434: result: yes
configure:18444: checking for protoc
configure:18462: found /usr/local/bin/protoc
configure:18475: result: /usr/local/bin/protoc
configure:18486: checking for stdbool.h that conforms to C99
configure:18553: g++ -c  -funsigned-char -O3 -mmmx -msse -msse2  conftest.cpp >&5
configure:18553: $? = 0
configure:18560: result: yes
configure:18562: checking for _Bool
configure:18562: g++ -c  -funsigned-char -O3 -mmmx -msse -msse2  conftest.cpp >&5
conftest.cpp: In function 'int main()':
conftest.cpp:78:13: error: '_Bool' was not declared in this scope
configure:18562: $? = 1
configure: failed program was:
| /* confdefs.h */
| #define PACKAGE_NAME "supersonic"
| #define PACKAGE_TARNAME "supersonic"
| #define PACKAGE_VERSION "supersonic.major.9.3"
| #define PACKAGE_STRING "supersonic supersonic.major.9.3"
| #define PACKAGE_BUGREPORT ""
| #define PACKAGE_URL ""
| #define FORCE_FAILURE_CHECK 1
| #define PACKAGE "supersonic"
| #define VERSION "supersonic.major.9.3"
| #define STDC_HEADERS 1
| #define HAVE_SYS_TYPES_H 1
| #define HAVE_SYS_STAT_H 1
| #define HAVE_STDLIB_H 1
| #define HAVE_STRING_H 1
| #define HAVE_MEMORY_H 1
| #define HAVE_STRINGS_H 1
| #define HAVE_INTTYPES_H 1
| #define HAVE_STDINT_H 1
| #define HAVE_UNISTD_H 1
| #define HAVE_DLFCN_H 1
| #define LT_OBJDIR ".libs/"
| #define HAVE_BOOST /**/
| #define HAVE_BOOST_SYSTEM /**/
| #define HAVE_BOOST_TIMER /**/
| #define HAVE_LIMITS_H 1
| #define HAVE_STDDEF_H 1
| #define HAVE_STDINT_H 1
| #define HAVE_STDLIB_H 1
| #define HAVE_STRING_H 1
| #define HAVE_STRING 1
| #define HAVE_SYS_STAT_H 1
| #define HAVE_SYS_TIME_H 1
| #define HAVE_GLOG_LOGGING_H 1
| #define HAVE_GOOGLE_PROTOBUF_TEXT_FORMAT_H 1
| #define HAVE_GFLAGS_GFLAGS_H 1
| #define HAVE_RE2_RE2_H 1
| #define HAVE_PTHREAD 1
| #define HAVE_RWLOCK 1
| #define INTERLOCKED_EXCHANGE_NONVOLATILE 1
| /* end confdefs.h.  */
| #include <stdio.h>
| #ifdef HAVE_SYS_TYPES_H
| # include <sys/types.h>
| #endif
| #ifdef HAVE_SYS_STAT_H
| # include <sys/stat.h>
| #endif
| #ifdef STDC_HEADERS
| # include <stdlib.h>
| # include <stddef.h>
| #else
| # ifdef HAVE_STDLIB_H
| #  include <stdlib.h>
| # endif
| #endif
| #ifdef HAVE_STRING_H
| # if !defined STDC_HEADERS && defined HAVE_MEMORY_H
| #  include <memory.h>
| # endif
| # include <string.h>
| #endif
| #ifdef HAVE_STRINGS_H
| # include <strings.h>
| #endif
| #ifdef HAVE_INTTYPES_H
| # include <inttypes.h>
| #endif
| #ifdef HAVE_STDINT_H
| # include <stdint.h>
| #endif
| #ifdef HAVE_UNISTD_H
| # include <unistd.h>
| #endif
| int
| main ()
| {
| if (sizeof (_Bool))
| 	 return 0;
|   ;
|   return 0;
| }
configure:18562: result: no
configure:18578: checking for inline
configure:18594: g++ -c  -funsigned-char -O3 -mmmx -msse -msse2  conftest.cpp >&5
configure:18594: $? = 0
configure:18602: result: inline
configure:18620: checking for C/C++ restrict keyword
configure:18645: g++ -c  -funsigned-char -O3 -mmmx -msse -msse2  conftest.cpp >&5
configure:18645: $? = 0
configure:18653: result: __restrict
configure:18666: checking for size_t
configure:18666: g++ -c  -funsigned-char -O3 -mmmx -msse -msse2  conftest.cpp >&5
configure:18666: $? = 0
configure:18666: g++ -c  -funsigned-char -O3 -mmmx -msse -msse2  conftest.cpp >&5
conftest.cpp: In function 'int main()':
conftest.cpp:80:20: error: expected primary-expression before ')' token
configure:18666: $? = 1
configure: failed program was:
| /* confdefs.h */
| #define PACKAGE_NAME "supersonic"
| #define PACKAGE_TARNAME "supersonic"
| #define PACKAGE_VERSION "supersonic.major.9.3"
| #define PACKAGE_STRING "supersonic supersonic.major.9.3"
| #define PACKAGE_BUGREPORT ""
| #define PACKAGE_URL ""
| #define FORCE_FAILURE_CHECK 1
| #define PACKAGE "supersonic"
| #define VERSION "supersonic.major.9.3"
| #define STDC_HEADERS 1
| #define HAVE_SYS_TYPES_H 1
| #define HAVE_SYS_STAT_H 1
| #define HAVE_STDLIB_H 1
| #define HAVE_STRING_H 1
| #define HAVE_MEMORY_H 1
| #define HAVE_STRINGS_H 1
| #define HAVE_INTTYPES_H 1
| #define HAVE_STDINT_H 1
| #define HAVE_UNISTD_H 1
| #define HAVE_DLFCN_H 1
| #define LT_OBJDIR ".libs/"
| #define HAVE_BOOST /**/
| #define HAVE_BOOST_SYSTEM /**/
| #define HAVE_BOOST_TIMER /**/
| #define HAVE_LIMITS_H 1
| #define HAVE_STDDEF_H 1
| #define HAVE_STDINT_H 1
| #define HAVE_STDLIB_H 1
| #define HAVE_STRING_H 1
| #define HAVE_STRING 1
| #define HAVE_SYS_STAT_H 1
| #define HAVE_SYS_TIME_H 1
| #define HAVE_GLOG_LOGGING_H 1
| #define HAVE_GOOGLE_PROTOBUF_TEXT_FORMAT_H 1
| #define HAVE_GFLAGS_GFLAGS_H 1
| #define HAVE_RE2_RE2_H 1
| #define HAVE_PTHREAD 1
| #define HAVE_RWLOCK 1
| #define INTERLOCKED_EXCHANGE_NONVOLATILE 1
| #define HAVE_STDBOOL_H 1
| #define restrict __restrict
| /* end confdefs.h.  */
| #include <stdio.h>
| #ifdef HAVE_SYS_TYPES_H
| # include <sys/types.h>
| #endif
| #ifdef HAVE_SYS_STAT_H
| # include <sys/stat.h>
| #endif
| #ifdef STDC_HEADERS
| # include <stdlib.h>
| # include <stddef.h>
| #else
| # ifdef HAVE_STDLIB_H
| #  include <stdlib.h>
| # endif
| #endif
| #ifdef HAVE_STRING_H
| # if !defined STDC_HEADERS && defined HAVE_MEMORY_H
| #  include <memory.h>
| # endif
| # include <string.h>
| #endif
| #ifdef HAVE_STRINGS_H
| # include <strings.h>
| #endif
| #ifdef HAVE_INTTYPES_H
| # include <inttypes.h>
| #endif
| #ifdef HAVE_STDINT_H
| # include <stdint.h>
| #endif
| #ifdef HAVE_UNISTD_H
| # include <unistd.h>
| #endif
| int
| main ()
| {
| if (sizeof ((size_t)))
| 	    return 0;
|   ;
|   return 0;
| }
configure:18666: result: yes
configure:18677: checking for ptrdiff_t
configure:18677: g++ -c  -funsigned-char -O3 -mmmx -msse -msse2  conftest.cpp >&5
configure:18677: $? = 0
configure:18677: g++ -c  -funsigned-char -O3 -mmmx -msse -msse2  conftest.cpp >&5
conftest.cpp: In function 'int main()':
conftest.cpp:80:23: error: expected primary-expression before ')' token
configure:18677: $? = 1
configure: failed program was:
| /* confdefs.h */
| #define PACKAGE_NAME "supersonic"
| #define PACKAGE_TARNAME "supersonic"
| #define PACKAGE_VERSION "supersonic.major.9.3"
| #define PACKAGE_STRING "supersonic supersonic.major.9.3"
| #define PACKAGE_BUGREPORT ""
| #define PACKAGE_URL ""
| #define FORCE_FAILURE_CHECK 1
| #define PACKAGE "supersonic"
| #define VERSION "supersonic.major.9.3"
| #define STDC_HEADERS 1
| #define HAVE_SYS_TYPES_H 1
| #define HAVE_SYS_STAT_H 1
| #define HAVE_STDLIB_H 1
| #define HAVE_STRING_H 1
| #define HAVE_MEMORY_H 1
| #define HAVE_STRINGS_H 1
| #define HAVE_INTTYPES_H 1
| #define HAVE_STDINT_H 1
| #define HAVE_UNISTD_H 1
| #define HAVE_DLFCN_H 1
| #define LT_OBJDIR ".libs/"
| #define HAVE_BOOST /**/
| #define HAVE_BOOST_SYSTEM /**/
| #define HAVE_BOOST_TIMER /**/
| #define HAVE_LIMITS_H 1
| #define HAVE_STDDEF_H 1
| #define HAVE_STDINT_H 1
| #define HAVE_STDLIB_H 1
| #define HAVE_STRING_H 1
| #define HAVE_STRING 1
| #define HAVE_SYS_STAT_H 1
| #define HAVE_SYS_TIME_H 1
| #define HAVE_GLOG_LOGGING_H 1
| #define HAVE_GOOGLE_PROTOBUF_TEXT_FORMAT_H 1
| #define HAVE_GFLAGS_GFLAGS_H 1
| #define HAVE_RE2_RE2_H 1
| #define HAVE_PTHREAD 1
| #define HAVE_RWLOCK 1
| #define INTERLOCKED_EXCHANGE_NONVOLATILE 1
| #define HAVE_STDBOOL_H 1
| #define restrict __restrict
| /* end confdefs.h.  */
| #include <stdio.h>
| #ifdef HAVE_SYS_TYPES_H
| # include <sys/types.h>
| #endif
| #ifdef HAVE_SYS_STAT_H
| # include <sys/stat.h>
| #endif
| #ifdef STDC_HEADERS
| # include <stdlib.h>
| # include <stddef.h>
| #else
| # ifdef HAVE_STDLIB_H
| #  include <stdlib.h>
| # endif
| #endif
| #ifdef HAVE_STRING_H
| # if !defined STDC_HEADERS && defined HAVE_MEMORY_H
| #  include <memory.h>
| # endif
| # include <string.h>
| #endif
| #ifdef HAVE_STRINGS_H
| # include <strings.h>
| #endif
| #ifdef HAVE_INTTYPES_H
| # include <inttypes.h>
| #endif
| #ifdef HAVE_STDINT_H
| # include <stdint.h>
| #endif
| #ifdef HAVE_UNISTD_H
| # include <unistd.h>
| #endif
| int
| main ()
| {
| if (sizeof ((ptrdiff_t)))
| 	    return 0;
|   ;
|   return 0;
| }
configure:18677: result: yes
configure:18689: checking for error_at_line
configure:18705: g++ -o conftest  -funsigned-char -O3 -mmmx -msse -msse2   conftest.cpp  >&5
configure:18705: $? = 0
configure:18713: result: yes
configure:18726: checking for stdlib.h
configure:18726: result: yes
configure:18736: checking for GNU libc compatible malloc
configure:18760: g++ -o conftest  -funsigned-char -O3 -mmmx -msse -msse2   conftest.cpp  >&5
configure:18760: $? = 0
configure:18760: ./conftest
configure:18760: $? = 0
configure:18770: result: yes
configure:18793: checking for stdlib.h
configure:18793: result: yes
configure:18803: checking for GNU libc compatible realloc
configure:18827: g++ -o conftest  -funsigned-char -O3 -mmmx -msse -msse2   conftest.cpp  >&5
configure:18827: $? = 0
configure:18827: ./conftest
configure:18827: $? = 0
configure:18837: result: yes
configure:18862: checking for atexit
configure:18862: g++ -o conftest  -funsigned-char -O3 -mmmx -msse -msse2   conftest.cpp  >&5
configure:18862: $? = 0
configure:18862: result: yes
configure:18862: checking for floor
configure:18862: g++ -o conftest  -funsigned-char -O3 -mmmx -msse -msse2   conftest.cpp  >&5
configure:18862: $? = 0
configure:18862: result: yes
configure:18862: checking for localtime_r
configure:18862: g++ -o conftest  -funsigned-char -O3 -mmmx -msse -msse2   conftest.cpp  >&5
configure:18862: $? = 0
configure:18862: result: yes
configure:18862: checking for memset
configure:18862: g++ -o conftest  -funsigned-char -O3 -mmmx -msse -msse2   conftest.cpp  >&5
configure:18862: $? = 0
configure:18862: result: yes
configure:18862: checking for pow
configure:18862: g++ -o conftest  -funsigned-char -O3 -mmmx -msse -msse2   conftest.cpp  >&5
configure:18862: $? = 0
configure:18862: result: yes
configure:18862: checking for setenv
configure:18862: g++ -o conftest  -funsigned-char -O3 -mmmx -msse -msse2   conftest.cpp  >&5
configure:18862: $? = 0
configure:18862: result: yes
configure:18862: checking for sqrt
configure:18862: g++ -o conftest  -funsigned-char -O3 -mmmx -msse -msse2   conftest.cpp  >&5
configure:18862: $? = 0
configure:18862: result: yes
configure:18862: checking for strcasecmp
configure:18862: g++ -o conftest  -funsigned-char -O3 -mmmx -msse -msse2   conftest.cpp  >&5
configure:18862: $? = 0
configure:18862: result: yes
configure:18862: checking for strerror
configure:18862: g++ -o conftest  -funsigned-char -O3 -mmmx -msse -msse2   conftest.cpp  >&5
configure:18862: $? = 0
configure:18862: result: yes
configure:18862: checking for tzset
configure:18862: g++ -o conftest  -funsigned-char -O3 -mmmx -msse -msse2   conftest.cpp  >&5
configure:18862: $? = 0
configure:18862: result: yes
configure:19015: creating ./config.status

## ---------------------- ##
## Running config.status. ##
## ---------------------- ##

This file was extended by supersonic config.status supersonic.major.9.3, which was
generated by GNU Autoconf 2.68.  Invocation command line was

  CONFIG_FILES    = 
  CONFIG_HEADERS  = 
  CONFIG_LINKS    = 
  CONFIG_COMMANDS = 
  $ ./config.status 

on olap

config.status:1209: creating Makefile
config.status:1209: creating config.h
config.status:1438: executing supersonic/supersonic-config.h commands
config.status:1476: creating supersonic/supersonic-config.h - prefix SUPERSONIC for config.h defines
config.status:1438: executing depfiles commands
config.status:1438: executing libtool commands

## ---------------- ##
## Cache variables. ##
## ---------------- ##

ac_cv_build=x86_64-unknown-linux-gnu
ac_cv_c_compiler_gnu=yes
ac_cv_c_inline=inline
ac_cv_c_restrict=__restrict
ac_cv_cxx_compiler_gnu=yes
ac_cv_env_CCC_set=
ac_cv_env_CCC_value=
ac_cv_env_CC_set=
ac_cv_env_CC_value=
ac_cv_env_CFLAGS_set=
ac_cv_env_CFLAGS_value=
ac_cv_env_CPPFLAGS_set=
ac_cv_env_CPPFLAGS_value=
ac_cv_env_CPP_set=
ac_cv_env_CPP_value=
ac_cv_env_CXXCPP_set=
ac_cv_env_CXXCPP_value=
ac_cv_env_CXXFLAGS_set=
ac_cv_env_CXXFLAGS_value=
ac_cv_env_CXX_set=
ac_cv_env_CXX_value=
ac_cv_env_GFLAGS_CFLAGS_set=
ac_cv_env_GFLAGS_CFLAGS_value=
ac_cv_env_GFLAGS_LIBS_set=
ac_cv_env_GFLAGS_LIBS_value=
ac_cv_env_GLOG_CFLAGS_set=
ac_cv_env_GLOG_CFLAGS_value=
ac_cv_env_GLOG_LIBS_set=
ac_cv_env_GLOG_LIBS_value=
ac_cv_env_LDFLAGS_set=
ac_cv_env_LDFLAGS_value=
ac_cv_env_LIBS_set=
ac_cv_env_LIBS_value=
ac_cv_env_PKG_CONFIG_LIBDIR_set=
ac_cv_env_PKG_CONFIG_LIBDIR_value=
ac_cv_env_PKG_CONFIG_PATH_set=
ac_cv_env_PKG_CONFIG_PATH_value=
ac_cv_env_PKG_CONFIG_set=
ac_cv_env_PKG_CONFIG_value=
ac_cv_env_PROTO_CFLAGS_set=
ac_cv_env_PROTO_CFLAGS_value=
ac_cv_env_PROTO_LIBS_set=
ac_cv_env_PROTO_LIBS_value=
ac_cv_env_build_alias_set=
ac_cv_env_build_alias_value=
ac_cv_env_host_alias_set=
ac_cv_env_host_alias_value=
ac_cv_env_target_alias_set=
ac_cv_env_target_alias_value=
ac_cv_func_atexit=yes
ac_cv_func_floor=yes
ac_cv_func_localtime_r=yes
ac_cv_func_malloc_0_nonnull=yes
ac_cv_func_memset=yes
ac_cv_func_pow=yes
ac_cv_func_realloc_0_nonnull=yes
ac_cv_func_setenv=yes
ac_cv_func_sqrt=yes
ac_cv_func_strcasecmp=yes
ac_cv_func_strerror=yes
ac_cv_func_tzset=yes
ac_cv_header_dlfcn_h=yes
ac_cv_header_gflags_gflags_h=yes
ac_cv_header_glog_logging_h=yes
ac_cv_header_google_protobuf_text_format_h=yes
ac_cv_header_inttypes_h=yes
ac_cv_header_limits_h=yes
ac_cv_header_memory_h=yes
ac_cv_header_re2_re2_h=yes
ac_cv_header_stdbool_h=yes
ac_cv_header_stdc=yes
ac_cv_header_stddef_h=yes
ac_cv_header_stdint_h=yes
ac_cv_header_stdlib_h=yes
ac_cv_header_string=yes
ac_cv_header_string_h=yes
ac_cv_header_strings_h=yes
ac_cv_header_sys_stat_h=yes
ac_cv_header_sys_time_h=yes
ac_cv_header_sys_types_h=yes
ac_cv_header_unistd_h=yes
ac_cv_host=x86_64-unknown-linux-gnu
ac_cv_interlocked_exchange_nonvolatile=yes
ac_cv_lib_boost_system___exit=yes
ac_cv_lib_boost_timer___exit=yes
ac_cv_lib_error_at_line=yes
ac_cv_objext=o
ac_cv_path_EGREP='/bin/grep -E'
ac_cv_path_FGREP='/bin/grep -F'
ac_cv_path_GREP=/bin/grep
ac_cv_path_PROTOC=/usr/local/bin/protoc
ac_cv_path_SED=/bin/sed
ac_cv_path_ac_pt_PKG_CONFIG=/usr/bin/pkg-config
ac_cv_path_install='/usr/bin/install -c'
ac_cv_path_mkdir=/bin/mkdir
ac_cv_prog_AWK=mawk
ac_cv_prog_CPP='gcc -E'
ac_cv_prog_CXXCPP='g++ -E'
ac_cv_prog_ac_ct_AR=ar
ac_cv_prog_ac_ct_CC=gcc
ac_cv_prog_ac_ct_CXX=g++
ac_cv_prog_ac_ct_MANIFEST_TOOL=mt
ac_cv_prog_ac_ct_OBJDUMP=objdump
ac_cv_prog_ac_ct_RANLIB=ranlib
ac_cv_prog_ac_ct_STRIP=strip
ac_cv_prog_cc_c89=
ac_cv_prog_cc_g=yes
ac_cv_prog_cc_gcc_c_o=yes
ac_cv_prog_cxx_g=yes
ac_cv_prog_make_make_set=yes
ac_cv_rwlock=yes
ac_cv_type__Bool=no
ac_cv_type_ptrdiff_t=yes
ac_cv_type_size_t=yes
am_cv_CC_dependencies_compiler_type=gcc3
am_cv_CXX_dependencies_compiler_type=gcc3
am_cv_ar_interface=ar
ax_cv_boost_system=yes
ax_cv_boost_timer=yes
ax_cv_check_cflags___O3=yes
ax_cv_check_cflags___funsigned_char=yes
ax_cv_check_cflags___mmmx=yes
ax_cv_check_cflags___msse2=yes
ax_cv_check_cflags___msse=yes
lt_cv_ar_at_file=@
lt_cv_archive_cmds_need_lc=no
lt_cv_deplibs_check_method=pass_all
lt_cv_file_magic_cmd='$MAGIC_CMD'
lt_cv_file_magic_test_file=
lt_cv_ld_reload_flag=-r
lt_cv_nm_interface='BSD nm'
lt_cv_objdir=.libs
lt_cv_path_LD=/usr/bin/ld
lt_cv_path_LDCXX='/usr/bin/ld -m elf_x86_64'
lt_cv_path_NM='/usr/bin/nm -B'
lt_cv_path_mainfest_tool=no
lt_cv_prog_compiler_c_o=yes
lt_cv_prog_compiler_c_o_CXX=yes
lt_cv_prog_compiler_pic='-fPIC -DPIC'
lt_cv_prog_compiler_pic_CXX='-fPIC -DPIC'
lt_cv_prog_compiler_pic_works=yes
lt_cv_prog_compiler_pic_works_CXX=yes
lt_cv_prog_compiler_rtti_exceptions=no
lt_cv_prog_compiler_static_works=yes
lt_cv_prog_compiler_static_works_CXX=yes
lt_cv_prog_gnu_ld=yes
lt_cv_prog_gnu_ldcxx=yes
lt_cv_sharedlib_from_linklib_cmd='printf %s\n'
lt_cv_shlibpath_overrides_runpath=no
lt_cv_sys_global_symbol_pipe='sed -n -e '\''s/^.*[	 ]\([ABCDGIRSTW][ABCDGIRSTW]*\)[	 ][	 ]*\([_A-Za-z][_A-Za-z0-9]*\)$/\1 \2 \2/p'\'' | sed '\''/ __gnu_lto/d'\'''
lt_cv_sys_global_symbol_to_c_name_address='sed -n -e '\''s/^: \([^ ]*\)[ ]*$/  {\"\1\", (void *) 0},/p'\'' -e '\''s/^[ABCDGIRSTW]* \([^ ]*\) \([^ ]*\)$/  {"\2", (void *) \&\2},/p'\'''
lt_cv_sys_global_symbol_to_c_name_address_lib_prefix='sed -n -e '\''s/^: \([^ ]*\)[ ]*$/  {\"\1\", (void *) 0},/p'\'' -e '\''s/^[ABCDGIRSTW]* \([^ ]*\) \(lib[^ ]*\)$/  {"\2", (void *) \&\2},/p'\'' -e '\''s/^[ABCDGIRSTW]* \([^ ]*\) \([^ ]*\)$/  {"lib\2", (void *) \&\2},/p'\'''
lt_cv_sys_global_symbol_to_cdecl='sed -n -e '\''s/^T .* \(.*\)$/extern int \1();/p'\'' -e '\''s/^[ABCDGIRSTW]* .* \(.*\)$/extern char \1;/p'\'''
lt_cv_sys_max_cmd_len=1572864
lt_cv_to_host_file_cmd=func_convert_file_noop
lt_cv_to_tool_file_cmd=func_convert_file_noop
pkg_cv_GFLAGS_CFLAGS='-I/usr/local/include  '
pkg_cv_GFLAGS_LIBS='-L/usr/local/lib -lgflags  '
pkg_cv_GLOG_CFLAGS='-I/usr/local/include  '
pkg_cv_GLOG_LIBS='-L/usr/local/lib -lglog  '
pkg_cv_PROTO_CFLAGS='-pthread -I/usr/local/include  '
pkg_cv_PROTO_LIBS='-pthread -L/usr/local/lib -lprotobuf -lz -lpthread  '

## ----------------- ##
## Output variables. ##
## ----------------- ##

ACLOCAL='${SHELL} /home/bingo/supersonic/supersonic-v0.1/supersonic/missing --run aclocal-1.11'
AMDEPBACKSLASH='\'
AMDEP_FALSE='#'
AMDEP_TRUE=''
AMTAR='$${TAR-tar}'
AR='ar'
AUTOCONF='${SHELL} /home/bingo/supersonic/supersonic-v0.1/supersonic/missing --run autoconf'
AUTOHEADER='${SHELL} /home/bingo/supersonic/supersonic-v0.1/supersonic/missing --run autoheader'
AUTOMAKE='${SHELL} /home/bingo/supersonic/supersonic-v0.1/supersonic/missing --run automake-1.11'
AWK='mawk'
BOOST_CPPFLAGS='-I/usr/local/include'
BOOST_LDFLAGS='-L/usr/local/lib'
BOOST_SYSTEM_LIB='-lboost_system'
BOOST_TIMER_LIB='-lboost_timer'
CC='gcc'
CCDEPMODE='depmode=gcc3'
CFLAGS='-g -O2'
CPP='gcc -E'
CPPFLAGS=''
CXX='g++'
CXXCPP='g++ -E'
CXXDEPMODE='depmode=gcc3'
CXXFLAGS=' -funsigned-char -O3 -mmmx -msse -msse2'
CYGPATH_W='echo'
DEFS='-DHAVE_CONFIG_H'
DEPDIR='.deps'
DLLTOOL='false'
DSYMUTIL=''
DUMPBIN=''
ECHO_C=''
ECHO_N='-n'
ECHO_T=''
EGREP='/bin/grep -E'
EXEEXT=''
FGREP='/bin/grep -F'
GCC_FALSE='#'
GCC_TRUE=''
GFLAGS_CFLAGS='-I/usr/local/include  '
GFLAGS_LIBS='-L/usr/local/lib -lgflags  '
GLOG_CFLAGS='-I/usr/local/include  '
GLOG_LIBS='-L/usr/local/lib -lglog  '
GREP='/bin/grep'
INSTALL_DATA='${INSTALL} -m 644'
INSTALL_PROGRAM='${INSTALL}'
INSTALL_SCRIPT='${INSTALL}'
INSTALL_STRIP_PROGRAM='$(install_sh) -c -s'
LD='/usr/bin/ld -m elf_x86_64'
LDFLAGS=''
LIBOBJS=''
LIBS=''
LIBTOOL='$(SHELL) $(top_builddir)/libtool'
LIPO=''
LN_S='ln -s'
LTLIBOBJS=''
MAKEINFO='${SHELL} /home/bingo/supersonic/supersonic-v0.1/supersonic/missing --run makeinfo'
MANIFEST_TOOL=':'
MKDIR_P='/bin/mkdir -p'
NM='/usr/bin/nm -B'
NMEDIT=''
OBJDUMP='objdump'
OBJEXT='o'
OTOOL64=''
OTOOL=''
PACKAGE='supersonic'
PACKAGE_BUGREPORT=''
PACKAGE_NAME='supersonic'
PACKAGE_STRING='supersonic supersonic.major.9.3'
PACKAGE_TARNAME='supersonic'
PACKAGE_URL=''
PACKAGE_VERSION='supersonic.major.9.3'
PATH_SEPARATOR=':'
PKG_CONFIG='/usr/bin/pkg-config'
PKG_CONFIG_LIBDIR=''
PKG_CONFIG_PATH=''
PROTOC='/usr/local/bin/protoc'
PROTO_CFLAGS='-pthread -I/usr/local/include  '
PROTO_LIBS='-pthread -L/usr/local/lib -lprotobuf -lz -lpthread  '
PTHREAD_CC='gcc'
PTHREAD_CFLAGS='-pthread'
PTHREAD_LIBS=' -lpthread'
RANLIB='ranlib'
SED='/bin/sed'
SET_MAKE=''
SHELL='/bin/bash'
STRIP='strip'
VERSION='supersonic.major.9.3'
ac_ct_AR='ar'
ac_ct_CC='gcc'
ac_ct_CXX='g++'
ac_ct_DUMPBIN=''
acx_pthread_config=''
am__EXEEXT_FALSE=''
am__EXEEXT_TRUE='#'
am__fastdepCC_FALSE='#'
am__fastdepCC_TRUE=''
am__fastdepCXX_FALSE='#'
am__fastdepCXX_TRUE=''
am__include='include'
am__isrc=''
am__leading_dot='.'
am__nodep='_no'
am__quote=''
am__tar='$${TAR-tar} chof - "$$tardir"'
am__untar='$${TAR-tar} xf -'
bindir='${exec_prefix}/bin'
build='x86_64-unknown-linux-gnu'
build_alias=''
build_cpu='x86_64'
build_os='linux-gnu'
build_vendor='unknown'
datadir='${datarootdir}'
datarootdir='${prefix}/share'
docdir='${datarootdir}/doc/${PACKAGE_TARNAME}'
dvidir='${docdir}'
exec_prefix='${prefix}'
host='x86_64-unknown-linux-gnu'
host_alias=''
host_cpu='x86_64'
host_os='linux-gnu'
host_vendor='unknown'
htmldir='${docdir}'
includedir='${prefix}/include'
infodir='${datarootdir}/info'
install_sh='${SHELL} /home/bingo/supersonic/supersonic-v0.1/supersonic/install-sh'
libdir='${exec_prefix}/lib'
libexecdir='${exec_prefix}/libexec'
localedir='${datarootdir}/locale'
localstatedir='${prefix}/var'
mandir='${datarootdir}/man'
mkdir_p='/bin/mkdir -p'
oldincludedir='/usr/include'
pdfdir='${docdir}'
prefix='/home/bingo/supersonic/supersonic-v0.1/bin'
program_transform_name='s,x,x,'
psdir='${docdir}'
sbindir='${exec_prefix}/sbin'
sharedstatedir='${prefix}/com'
sysconfdir='${prefix}/etc'
target_alias=''

## ----------- ##
## confdefs.h. ##
## ----------- ##

/* confdefs.h */
#define PACKAGE_NAME "supersonic"
#define PACKAGE_TARNAME "supersonic"
#define PACKAGE_VERSION "supersonic.major.9.3"
#define PACKAGE_STRING "supersonic supersonic.major.9.3"
#define PACKAGE_BUGREPORT ""
#define PACKAGE_URL ""
#define FORCE_FAILURE_CHECK 1
#define PACKAGE "supersonic"
#define VERSION "supersonic.major.9.3"
#define STDC_HEADERS 1
#define HAVE_SYS_TYPES_H 1
#define HAVE_SYS_STAT_H 1
#define HAVE_STDLIB_H 1
#define HAVE_STRING_H 1
#define HAVE_MEMORY_H 1
#define HAVE_STRINGS_H 1
#define HAVE_INTTYPES_H 1
#define HAVE_STDINT_H 1
#define HAVE_UNISTD_H 1
#define HAVE_DLFCN_H 1
#define LT_OBJDIR ".libs/"
#define HAVE_BOOST /**/
#define HAVE_BOOST_SYSTEM /**/
#define HAVE_BOOST_TIMER /**/
#define HAVE_LIMITS_H 1
#define HAVE_STDDEF_H 1
#define HAVE_STDINT_H 1
#define HAVE_STDLIB_H 1
#define HAVE_STRING_H 1
#define HAVE_STRING 1
#define HAVE_SYS_STAT_H 1
#define HAVE_SYS_TIME_H 1
#define HAVE_GLOG_LOGGING_H 1
#define HAVE_GOOGLE_PROTOBUF_TEXT_FORMAT_H 1
#define HAVE_GFLAGS_GFLAGS_H 1
#define HAVE_RE2_RE2_H 1
#define HAVE_PTHREAD 1
#define HAVE_RWLOCK 1
#define INTERLOCKED_EXCHANGE_NONVOLATILE 1
#define HAVE_STDBOOL_H 1
#define restrict __restrict
#define HAVE_PTRDIFF_T 1
#define HAVE_STDLIB_H 1
#define HAVE_MALLOC 1
#define HAVE_STDLIB_H 1
#define HAVE_REALLOC 1
#define HAVE_ATEXIT 1
#define HAVE_FLOOR 1
#define HAVE_LOCALTIME_R 1
#define HAVE_MEMSET 1
#define HAVE_POW 1
#define HAVE_SETENV 1
#define HAVE_SQRT 1
#define HAVE_STRCASECMP 1
#define HAVE_STRERROR 1
#define HAVE_TZSET 1

configure: exit 0
